PRT1
12
23
49
4 0 6 0 (0 0 0 ) (0 0 512 ) (0 512 512 ) (0 512 0 ) 
4 0 2 0 (140 0 0 ) (512 0 0 ) (512 0 320 ) (140 0 320 ) 
4 0 1 0 (512 0 320 ) (512 0 512 ) (124 0 512 ) (124 0 320 ) 
4 0 3 0 (0 0 512 ) (0 0 0 ) (124 0 0 ) (124 0 512 ) 
4 1 4 0 (512 -320 320 ) (512 -320 512 ) (124 -320 512 ) (124 -320 320 ) 
4 1 2 0 (140 0 320 ) (512 0 320 ) (512 -320 320 ) (140 -320 320 ) 
4 1 3 0 (124 -320 320 ) (124 -320 512 ) (124 0 512 ) (124 0 320 ) 
4 2 4 0 (512 -320 24 ) (512 -320 320 ) (140 -320 320 ) (140 -320 24 ) 
4 3 8 0 (0 0 320 ) (0 0 0 ) (0 -320 0 ) (0 -320 320 ) 
4 3 7 0 (0 0 512 ) (0 0 320 ) (0 -320 320 ) (0 -320 512 ) 
4 3 4 0 (124 -320 24 ) (124 -320 512 ) (0 -320 512 ) (0 -320 24 ) 
4 4 10 0 (0 -384 24 ) (0 -384 512 ) (0 -320 512 ) (0 -320 24 ) 
4 4 5 0 (512 -384 24 ) (512 -384 512 ) (0 -384 512 ) (0 -384 24 ) 
4 5 11 0 (0 -384 0 ) (0 -512 0 ) (0 -512 512 ) (0 -384 512 ) 
4 6 8 0 (-120 0 0 ) (0 0 0 ) (0 0 320 ) (-120 0 320 ) 
4 6 7 0 (0 0 320 ) (0 0 512 ) (-136 0 512 ) (-136 0 320 ) 
4 6 9 0 (-512 0 0 ) (-136 0 0 ) (-136 0 512 ) (-512 0 512 ) 
4 7 10 0 (0 -320 320 ) (0 -320 512 ) (-136 -320 512 ) (-136 -320 320 ) 
4 7 8 0 (0 -320 320 ) (-120 -320 320 ) (-120 0 320 ) (0 0 320 ) 
4 7 9 0 (-136 -320 320 ) (-136 -320 512 ) (-136 0 512 ) (-136 0 320 ) 
4 8 10 0 (0 -320 24 ) (0 -320 320 ) (-120 -320 320 ) (-120 -320 24 ) 
4 9 10 0 (-136 -320 24 ) (-136 -320 512 ) (-512 -320 512 ) (-512 -320 24 ) 
4 10 11 0 (-512 -384 512 ) (-512 -384 24 ) (0 -384 24 ) (0 -384 512 ) 
4 0 (124 0 0 ) (140 0 0 ) (140 0 320 ) (124 0 320 ) 
4 0 (0 512 512 ) (0 0 512 ) (512 0 512 ) (512 512 512 ) 
4 0 (512 0 0 ) (0 0 0 ) (0 512 0 ) (512 512 0 ) 
4 0 (512 512 512 ) (512 0 512 ) (512 0 0 ) (512 512 0 ) 
4 0 (0 512 512 ) (512 512 512 ) (512 512 0 ) (0 512 0 ) 
4 1 (124 -320 320 ) (124 0 320 ) (140 0 320 ) (140 -320 320 ) 
4 1 (124 -320 512 ) (512 -320 512 ) (512 0 512 ) (124 0 512 ) 
4 1 (512 0 320 ) (512 0 512 ) (512 -320 512 ) (512 -320 320 ) 
4 2 (140 -320 0 ) (512 -320 0 ) (512 -320 24 ) (140 -320 24 ) 
4 2 (512 0 320 ) (512 -320 320 ) (512 -320 0 ) (512 0 0 ) 
4 2 (140 0 0 ) (512 0 0 ) (512 -320 0 ) (140 -320 0 ) 
4 2 (140 0 0 ) (140 -320 0 ) (140 -320 320 ) (140 0 320 ) 
4 3 (0 -320 0 ) (124 -320 0 ) (124 -320 24 ) (0 -320 24 ) 
4 3 (124 0 320 ) (124 -320 320 ) (124 -320 0 ) (124 0 0 ) 
4 3 (124 -320 512 ) (124 0 512 ) (0 0 512 ) (0 -320 512 ) 
4 3 (0 -320 0 ) (0 0 0 ) (124 0 0 ) (124 -320 0 ) 
4 4 (512 -384 512 ) (512 -320 512 ) (0 -320 512 ) (0 -384 512 ) 
4 4 (124 -320 24 ) (124 -320 320 ) (140 -320 320 ) (140 -320 24 ) 
4 4 (512 -384 512 ) (512 -384 24 ) (512 -320 24 ) (512 -320 512 ) 
4 4 (512 -384 24 ) (0 -384 24 ) (0 -320 24 ) (512 -320 24 ) 
4 5 (0 -384 24 ) (512 -384 24 ) (512 -384 0 ) (0 -384 0 ) 
4 5 (512 -384 512 ) (512 -512 512 ) (512 -512 0 ) (512 -384 0 ) 
4 5 (512 -384 512 ) (0 -384 512 ) (0 -512 512 ) (512 -512 512 ) 
4 5 (0 -512 0 ) (0 -384 0 ) (512 -384 0 ) (512 -512 0 ) 
4 5 (0 -512 512 ) (0 -512 0 ) (512 -512 0 ) (512 -512 512 ) 
4 6 (-136 0 0 ) (-120 0 0 ) (-120 0 320 ) (-136 0 320 ) 
4 6 (0 512 512 ) (-512 512 512 ) (-512 0 512 ) (0 0 512 ) 
4 6 (0 0 0 ) (-512 0 0 ) (-512 512 0 ) (0 512 0 ) 
4 6 (-512 512 0 ) (-512 0 0 ) (-512 0 512 ) (-512 512 512 ) 
4 6 (0 512 0 ) (-512 512 0 ) (-512 512 512 ) (0 512 512 ) 
4 7 (-120 -320 320 ) (-136 -320 320 ) (-136 0 320 ) (-120 0 320 ) 
4 7 (-136 -320 512 ) (0 -320 512 ) (0 0 512 ) (-136 0 512 ) 
4 8 (-120 -320 0 ) (0 -320 0 ) (0 -320 24 ) (-120 -320 24 ) 
4 8 (-120 0 0 ) (0 0 0 ) (0 -320 0 ) (-120 -320 0 ) 
4 8 (-120 0 0 ) (-120 -320 0 ) (-120 -320 320 ) (-120 0 320 ) 
4 9 (-512 -320 0 ) (-136 -320 0 ) (-136 -320 24 ) (-512 -320 24 ) 
4 9 (-136 0 320 ) (-136 -320 320 ) (-136 -320 0 ) (-136 0 0 ) 
4 9 (-512 0 0 ) (-512 -320 0 ) (-512 -320 512 ) (-512 0 512 ) 
4 9 (-512 -320 512 ) (-136 -320 512 ) (-136 0 512 ) (-512 0 512 ) 
4 9 (-512 0 0 ) (-136 0 0 ) (-136 -320 0 ) (-512 -320 0 ) 
4 10 (0 -384 512 ) (0 -320 512 ) (-512 -320 512 ) (-512 -384 512 ) 
4 10 (-136 -320 24 ) (-136 -320 320 ) (-120 -320 320 ) (-120 -320 24 ) 
4 10 (-512 -320 512 ) (-512 -320 24 ) (-512 -384 24 ) (-512 -384 512 ) 
4 10 (0 -384 24 ) (-512 -384 24 ) (-512 -320 24 ) (0 -320 24 ) 
4 11 (0 -384 24 ) (0 -384 0 ) (-512 -384 0 ) (-512 -384 24 ) 
4 11 (-512 -384 0 ) (-512 -512 0 ) (-512 -512 512 ) (-512 -384 512 ) 
4 11 (0 -384 512 ) (-512 -384 512 ) (-512 -512 512 ) (0 -512 512 ) 
4 11 (0 -512 0 ) (0 -512 512 ) (-512 -512 512 ) (-512 -512 0 ) 
4 11 (0 -512 0 ) (-512 -512 0 ) (-512 -384 0 ) (0 -384 0 ) 
