PRT1
8
12
30
4 0 4 0 (0 0 0 ) (0 0 512 ) (0 512 512 ) (0 512 0 ) 
4 0 2 0 (0 0 24 ) (0 0 0 ) (512 0 0 ) (512 0 24 ) 
4 0 1 0 (0 0 512 ) (0 0 24 ) (512 0 24 ) (512 0 512 ) 
4 1 5 0 (0 0 512 ) (0 0 24 ) (0 -512 24 ) (0 -512 512 ) 
4 1 2 0 (0 0 24 ) (512 0 24 ) (512 -320 24 ) (0 -320 24 ) 
4 1 3 0 (512 -384 24 ) (512 -512 24 ) (0 -512 24 ) (0 -384 24 ) 
4 2 6 0 (0 0 24 ) (0 0 0 ) (0 -320 0 ) (0 -320 24 ) 
4 3 7 0 (0 -384 0 ) (0 -512 0 ) (0 -512 24 ) (0 -384 24 ) 
4 4 6 0 (-512 0 0 ) (0 0 0 ) (0 0 24 ) (-512 0 24 ) 
4 4 5 0 (0 0 24 ) (0 0 512 ) (-512 0 512 ) (-512 0 24 ) 
4 5 6 0 (-512 -320 24 ) (-512 0 24 ) (0 0 24 ) (0 -320 24 ) 
4 5 7 0 (0 -512 24 ) (-512 -512 24 ) (-512 -384 24 ) (0 -384 24 ) 
4 0 (0 512 512 ) (0 0 512 ) (512 0 512 ) (512 512 512 ) 
4 0 (512 0 0 ) (0 0 0 ) (0 512 0 ) (512 512 0 ) 
4 0 (512 512 512 ) (512 0 512 ) (512 0 0 ) (512 512 0 ) 
4 0 (0 512 512 ) (512 512 512 ) (512 512 0 ) (0 512 0 ) 
4 1 (512 -320 24 ) (512 -384 24 ) (0 -384 24 ) (0 -320 24 ) 
4 1 (512 0 24 ) (512 0 512 ) (512 -512 512 ) (512 -512 24 ) 
4 1 (0 -512 512 ) (0 -512 24 ) (512 -512 24 ) (512 -512 512 ) 
4 1 (512 0 512 ) (0 0 512 ) (0 -512 512 ) (512 -512 512 ) 
4 2 (512 0 24 ) (512 -320 24 ) (512 -320 0 ) (512 0 0 ) 
4 2 (0 -320 0 ) (0 0 0 ) (512 0 0 ) (512 -320 0 ) 
4 2 (0 -320 0 ) (512 -320 0 ) (512 -320 24 ) (0 -320 24 ) 
4 3 (0 -384 24 ) (512 -384 24 ) (512 -384 0 ) (0 -384 0 ) 
4 3 (0 -512 0 ) (0 -384 0 ) (512 -384 0 ) (512 -512 0 ) 
4 3 (0 -512 24 ) (0 -512 0 ) (512 -512 0 ) (512 -512 24 ) 
4 3 (512 -384 24 ) (512 -512 24 ) (512 -512 0 ) (512 -384 0 ) 
4 4 (0 512 512 ) (-512 512 512 ) (-512 0 512 ) (0 0 512 ) 
4 4 (0 0 0 ) (-512 0 0 ) (-512 512 0 ) (0 512 0 ) 
4 4 (-512 512 0 ) (-512 0 0 ) (-512 0 512 ) (-512 512 512 ) 
4 4 (0 512 0 ) (-512 512 0 ) (-512 512 512 ) (0 512 512 ) 
4 5 (-512 -384 24 ) (-512 -320 24 ) (0 -320 24 ) (0 -384 24 ) 
4 5 (-512 -512 24 ) (-512 -512 512 ) (-512 0 512 ) (-512 0 24 ) 
4 5 (0 -512 24 ) (0 -512 512 ) (-512 -512 512 ) (-512 -512 24 ) 
4 5 (0 0 512 ) (-512 0 512 ) (-512 -512 512 ) (0 -512 512 ) 
4 6 (-512 0 0 ) (-512 -320 0 ) (-512 -320 24 ) (-512 0 24 ) 
4 6 (-512 -320 0 ) (-512 0 0 ) (0 0 0 ) (0 -320 0 ) 
4 6 (0 -320 24 ) (-512 -320 24 ) (-512 -320 0 ) (0 -320 0 ) 
4 7 (0 -384 0 ) (-512 -384 0 ) (-512 -384 24 ) (0 -384 24 ) 
4 7 (0 -512 0 ) (0 -512 24 ) (-512 -512 24 ) (-512 -512 0 ) 
4 7 (0 -512 0 ) (-512 -512 0 ) (-512 -384 0 ) (0 -384 0 ) 
4 7 (-512 -384 0 ) (-512 -512 0 ) (-512 -512 24 ) (-512 -384 24 ) 
