PRT1
46
129
201
4 0 23 0 (0 320 0 ) (0 320 512 ) (0 512 512 ) (0 512 0 ) 
4 0 7 0 (80 320 80 ) (80 320 96 ) (64 320 96 ) (64 320 80 ) 
4 0 6 0 (112 320 48 ) (112 320 64 ) (96 320 64 ) (96 320 48 ) 
4 0 5 0 (112 320 32 ) (128 320 32 ) (128 320 64 ) (112 320 64 ) 
4 0 4 0 (128 320 64 ) (128 320 96 ) (80 320 96 ) (80 320 64 ) 
4 0 3 0 (0 320 512 ) (0 320 96 ) (128 320 96 ) (128 320 512 ) 
4 0 2 0 (144 320 0 ) (512 320 0 ) (512 320 16 ) (144 320 16 ) 
4 0 1 0 (512 320 16 ) (512 320 512 ) (128 320 512 ) (128 320 16 ) 
4 1 8 0 (512 192 16 ) (512 192 512 ) (128 192 512 ) (128 192 16 ) 
4 1 5 0 (128 192 32 ) (128 192 64 ) (128 320 64 ) (128 320 32 ) 
4 1 4 0 (128 192 64 ) (128 192 96 ) (128 320 96 ) (128 320 64 ) 
4 1 3 0 (128 192 96 ) (128 192 512 ) (128 320 512 ) (128 320 96 ) 
4 1 2 0 (144 320 16 ) (512 320 16 ) (512 192 16 ) (144 192 16 ) 
4 2 8 0 (144 192 0 ) (512 192 0 ) (512 192 16 ) (144 192 16 ) 
4 3 24 0 (0 192 96 ) (0 192 512 ) (0 320 512 ) (0 320 96 ) 
4 3 10 0 (0 192 512 ) (0 192 96 ) (128 192 96 ) (128 192 512 ) 
4 3 7 0 (64 320 96 ) (80 320 96 ) (80 192 96 ) (64 192 96 ) 
4 3 4 0 (80 320 96 ) (128 320 96 ) (128 192 96 ) (80 192 96 ) 
4 4 10 0 (128 192 64 ) (128 192 96 ) (80 192 96 ) (80 192 64 ) 
4 4 7 0 (80 192 80 ) (80 192 96 ) (80 320 96 ) (80 320 80 ) 
4 4 6 0 (96 320 64 ) (112 320 64 ) (112 192 64 ) (96 192 64 ) 
4 4 5 0 (112 320 64 ) (128 320 64 ) (128 192 64 ) (112 192 64 ) 
4 5 10 0 (112 192 32 ) (128 192 32 ) (128 192 64 ) (112 192 64 ) 
4 5 6 0 (112 192 48 ) (112 192 64 ) (112 320 64 ) (112 320 48 ) 
4 6 10 0 (112 192 48 ) (112 192 64 ) (96 192 64 ) (96 192 48 ) 
4 7 10 0 (80 192 80 ) (80 192 96 ) (64 192 96 ) (64 192 80 ) 
4 8 12 0 (512 0 144 ) (512 0 512 ) (128 0 512 ) (128 0 144 ) 
5 8 10 0 (128 192 0 ) (128 144 0 ) (128 128 16 ) (128 128 512 ) (128 192 512 ) 
4 8 11 0 (128 128 16 ) (128 0 144 ) (128 0 512 ) (128 128 512 ) 
5 8 9 0 (128 0 143.997284 ) (128 127.997276 16 ) (144 143.997391 0 ) (512 144 0 ) (512 0 144 ) 
5 9 12 0 (144 0 0 ) (512 0 0 ) (512 0 144 ) (128 0 144 ) (128 0 16 ) 
3 9 11 0 (128 0 16 ) (128 0 144 ) (128 128 16 ) 
5 10 32 0 (0 192 144 ) (0 192 0 ) (0 144 0 ) (0 128 16 ) (0 128 144 ) 
4 10 31 0 (0 128 512 ) (0 192 512 ) (0 192 144 ) (0 128 144 ) 
4 10 11 0 (128 128 16 ) (128 128 512 ) (0 128 512 ) (0 128 16 ) 
4 11 33 0 (0 0 0 ) (0 0 512 ) (0 128 512 ) (0 128 0 ) 
4 11 13 0 (0 0 144 ) (0 0 0 ) (128 0 0 ) (128 0 16 ) 
4 11 12 0 (0 0 512 ) (0 0 144 ) (128 0 16 ) (128 0 512 ) 
4 12 35 0 (0 -192 144 ) (0 -192 512 ) (0 0 512 ) (0 0 144 ) 
4 12 21 0 (80 -192 64 ) (96 -192 64 ) (96 -192 80 ) (80 -192 80 ) 
4 12 20 0 (96 -192 48 ) (112 -192 48 ) (112 -192 80 ) (96 -192 80 ) 
5 12 19 0 (0 -192 512 ) (0 -192 144 ) (48 -192 96 ) (64 -192 96 ) (64 -192 512 ) 
4 12 18 0 (64 -192 80 ) (112 -192 80 ) (112 -192 512 ) (64 -192 512 ) 
4 12 17 0 (144 -192 0 ) (512 -192 0 ) (512 -192 16 ) (144 -192 16 ) 
4 12 16 0 (112 -192 32 ) (128 -192 32 ) (128 -192 512 ) (112 -192 512 ) 
4 12 15 0 (128 -192 16 ) (512 -192 16 ) (512 -192 512 ) (128 -192 512 ) 
5 12 14 0 (143.998688 -144 0 ) (143.998688 -192 0 ) (0 -192 144 ) (0 -128 144 ) (127.998734 -128 16 ) 
4 12 13 0 (128 -128 15.998731 ) (0 -128 144 ) (0 0 144 ) (128 0 15.998730 ) 
4 13 36 0 (0 -128 144 ) (0 0 144 ) (0 0 0 ) (0 -128 0 ) 
4 13 14 0 (128 -128 16 ) (128 -128 16.003916 ) (0 -128 144.004837 ) (0 -128 16 ) 
5 14 37 0 (0 -192 0 ) (0 -192 144 ) (0 -128 144 ) (0 -128 16 ) (0 -144 0 ) 
3 14 19 0 (0 -192 144 ) (0 -192 96 ) (48 -192 96 ) 
4 15 22 0 (512 -320 16 ) (512 -320 512 ) (128 -320 512 ) (128 -320 16 ) 
4 15 17 0 (144 -192 16 ) (512 -192 16 ) (512 -320 16 ) (144 -320 16 ) 
4 15 16 0 (128 -320 32 ) (128 -320 512 ) (128 -192 512 ) (128 -192 32 ) 
4 16 22 0 (128 -320 512 ) (112 -320 512 ) (112 -320 32 ) (128 -320 32 ) 
4 16 20 0 (112 -320 48 ) (112 -320 80 ) (112 -192 80 ) (112 -192 48 ) 
4 16 18 0 (112 -320 80 ) (112 -320 512 ) (112 -192 512 ) (112 -192 80 ) 
4 17 22 0 (144 -320 0 ) (512 -320 0 ) (512 -320 16 ) (144 -320 16 ) 
4 18 22 0 (64 -320 80 ) (112 -320 80 ) (112 -320 512 ) (64 -320 512 ) 
4 18 21 0 (80 -192 80 ) (96 -192 80 ) (96 -320 80 ) (80 -320 80 ) 
4 18 20 0 (96 -192 80 ) (112 -192 80 ) (112 -320 80 ) (96 -320 80 ) 
4 18 19 0 (64 -320 96 ) (64 -320 512 ) (64 -192 512 ) (64 -192 96 ) 
4 19 38 0 (0 -320 96 ) (0 -320 512 ) (0 -192 512 ) (0 -192 96 ) 
4 19 22 0 (0 -320 512 ) (0 -320 96 ) (64 -320 96 ) (64 -320 512 ) 
4 20 22 0 (96 -320 48 ) (112 -320 48 ) (112 -320 80 ) (96 -320 80 ) 
4 20 21 0 (96 -320 64 ) (96 -320 80 ) (96 -192 80 ) (96 -192 64 ) 
4 21 22 0 (96 -320 64 ) (96 -320 80 ) (80 -320 80 ) (80 -320 64 ) 
4 22 45 0 (0 -320 512 ) (0 -320 0 ) (0 -512 0 ) (0 -512 512 ) 
4 23 27 0 (-96 320 64 ) (-112 320 64 ) (-112 320 48 ) (-96 320 48 ) 
4 23 26 0 (-80 320 64 ) (-80 320 80 ) (-112 320 80 ) (-112 320 64 ) 
4 23 28 0 (-128 320 80 ) (-128 320 32 ) (-112 320 32 ) (-112 320 80 ) 
4 23 25 0 (-64 320 96 ) (-128 320 96 ) (-128 320 80 ) (-64 320 80 ) 
4 23 29 0 (-128 320 96 ) (-144 320 96 ) (-144 320 16 ) (-128 320 16 ) 
4 23 24 0 (0 320 96 ) (0 320 512 ) (-144 320 512 ) (-144 320 96 ) 
4 23 30 0 (-144 320 512 ) (-512 320 512 ) (-512 320 0 ) (-144 320 0 ) 
3 24 32 0 (0 192 96 ) (0 192 144 ) (-48 192 96 ) 
5 24 31 0 (0 192 144 ) (0 192 512 ) (-144 192 512 ) (-144 192 96 ) (-48 192 96 ) 
4 24 25 0 (-64 192 96 ) (-128 192 96 ) (-128 320 96 ) (-64 320 96 ) 
4 24 29 0 (-128 192 96 ) (-144 192 96 ) (-144 320 96 ) (-128 320 96 ) 
4 24 30 0 (-144 192 96 ) (-144 192 512 ) (-144 320 512 ) (-144 320 96 ) 
4 25 31 0 (-64 192 96 ) (-128 192 96 ) (-128 192 80 ) (-64 192 80 ) 
4 25 26 0 (-112 320 80 ) (-80 320 80 ) (-80 192 80 ) (-112 192 80 ) 
4 25 28 0 (-128 192 80 ) (-128 320 80 ) (-112 320 80 ) (-112 192 80 ) 
4 25 29 0 (-128 192 80 ) (-128 192 96 ) (-128 320 96 ) (-128 320 80 ) 
4 26 31 0 (-80 192 64 ) (-80 192 80 ) (-112 192 80 ) (-112 192 64 ) 
4 26 27 0 (-112 192 64 ) (-112 320 64 ) (-96 320 64 ) (-96 192 64 ) 
4 26 28 0 (-112 192 64 ) (-112 192 80 ) (-112 320 80 ) (-112 320 64 ) 
4 27 31 0 (-96 192 64 ) (-112 192 64 ) (-112 192 48 ) (-96 192 48 ) 
4 27 28 0 (-112 192 48 ) (-112 192 64 ) (-112 320 64 ) (-112 320 48 ) 
4 28 31 0 (-128 192 80 ) (-128 192 32 ) (-112 192 32 ) (-112 192 80 ) 
4 28 29 0 (-128 192 32 ) (-128 192 80 ) (-128 320 80 ) (-128 320 32 ) 
4 29 31 0 (-128 192 96 ) (-144 192 96 ) (-144 192 16 ) (-128 192 16 ) 
4 29 30 0 (-144 192 16 ) (-144 192 96 ) (-144 320 96 ) (-144 320 16 ) 
4 30 31 0 (-512 192 0 ) (-144 192 0 ) (-144 192 512 ) (-512 192 512 ) 
5 31 34 0 (-512 128 512 ) (-512 128 0 ) (-144 128 0 ) (-128 128 16 ) (-128 128 512 ) 
4 31 33 0 (-128 128 16 ) (0 128 144 ) (0 128 512 ) (-128 128 512 ) 
5 31 32 0 (0 128 144.002228 ) (-128.002380 128 16 ) (-144.002396 144 0 ) (-144.002396 192 0 ) (0 192 144.002258 ) 
3 32 33 0 (0 128 16 ) (0 128 144 ) (-128 128 16 ) 
4 33 36 0 (-128 0 0 ) (0 0 0 ) (0 0 144 ) (-128 0 16 ) 
4 33 35 0 (0 0 144 ) (0 0 512 ) (-128 0 512 ) (-128 0 16 ) 
4 33 34 0 (-128 128 512 ) (-128 128 16 ) (-128 0 16 ) (-128 0 512 ) 
5 34 35 0 (-512 0 0 ) (-144 0 0 ) (-128 0 16 ) (-128 0 512 ) (-512 0 512 ) 
4 35 44 0 (-512 -192 16 ) (-512 -192 0 ) (-144 -192 0 ) (-144 -192 16 ) 
4 35 43 0 (-512 -192 64 ) (-512 -192 16 ) (-128 -192 16 ) (-128 -192 64 ) 
4 35 42 0 (-112 -192 32 ) (-112 -192 48 ) (-128 -192 48 ) (-128 -192 32 ) 
4 35 41 0 (-96 -192 48 ) (-96 -192 64 ) (-128 -192 64 ) (-128 -192 48 ) 
4 35 39 0 (-64 -192 512 ) (-80 -192 512 ) (-80 -192 80 ) (-64 -192 80 ) 
4 35 40 0 (-80 -192 512 ) (-512 -192 512 ) (-512 -192 64 ) (-80 -192 64 ) 
5 35 38 0 (0 -192 144 ) (0 -192 512 ) (-64 -192 512 ) (-64 -192 96 ) (-48 -192 96 ) 
5 35 37 0 (-144 -192 0 ) (-144 -144 0 ) (-128 -128 16 ) (0 -128 144 ) (0 -192 144 ) 
4 35 36 0 (-128 0 16 ) (0 0 144 ) (0 -128 144 ) (-128 -128 16 ) 
3 36 37 0 (0 -128 144 ) (-128 -128 16 ) (0 -128 16 ) 
3 37 38 0 (0 -192 96 ) (0 -192 144 ) (-48 -192 96 ) 
4 38 45 0 (0 -320 96 ) (0 -320 512 ) (-64 -320 512 ) (-64 -320 96 ) 
4 38 39 0 (-64 -320 96 ) (-64 -320 512 ) (-64 -192 512 ) (-64 -192 96 ) 
4 39 45 0 (-64 -320 80 ) (-64 -320 512 ) (-80 -320 512 ) (-80 -320 80 ) 
4 39 40 0 (-80 -320 80 ) (-80 -320 512 ) (-80 -192 512 ) (-80 -192 80 ) 
4 40 45 0 (-80 -320 512 ) (-512 -320 512 ) (-512 -320 64 ) (-80 -320 64 ) 
4 40 43 0 (-512 -320 64 ) (-512 -192 64 ) (-128 -192 64 ) (-128 -320 64 ) 
4 40 41 0 (-128 -192 64 ) (-96 -192 64 ) (-96 -320 64 ) (-128 -320 64 ) 
4 41 45 0 (-96 -320 48 ) (-96 -320 64 ) (-128 -320 64 ) (-128 -320 48 ) 
4 41 43 0 (-128 -320 48 ) (-128 -320 64 ) (-128 -192 64 ) (-128 -192 48 ) 
4 41 42 0 (-128 -320 48 ) (-128 -192 48 ) (-112 -192 48 ) (-112 -320 48 ) 
4 42 45 0 (-112 -320 48 ) (-128 -320 48 ) (-128 -320 32 ) (-112 -320 32 ) 
4 42 43 0 (-128 -320 32 ) (-128 -320 48 ) (-128 -192 48 ) (-128 -192 32 ) 
4 43 45 0 (-128 -320 16 ) (-128 -320 64 ) (-512 -320 64 ) (-512 -320 16 ) 
4 43 44 0 (-512 -320 16 ) (-512 -192 16 ) (-144 -192 16 ) (-144 -320 16 ) 
4 44 45 0 (-512 -320 0 ) (-144 -320 0 ) (-144 -320 16 ) (-512 -320 16 ) 
4 0 (64 320 32 ) (80 320 32 ) (80 320 80 ) (64 320 80 ) 
4 0 (96 320 32 ) (112 320 32 ) (112 320 48 ) (96 320 48 ) 
4 0 (80 320 32 ) (96 320 32 ) (96 320 64 ) (80 320 64 ) 
4 0 (0 320 96 ) (0 320 32 ) (64 320 32 ) (64 320 96 ) 
4 0 (0 320 32 ) (0 320 0 ) (128 320 0 ) (128 320 32 ) 
4 0 (128 320 0 ) (144 320 0 ) (144 320 16 ) (128 320 16 ) 
4 0 (512 320 512 ) (512 320 0 ) (512 512 0 ) (512 512 512 ) 
4 0 (512 512 512 ) (512 512 0 ) (0 512 0 ) (0 512 512 ) 
4 0 (512 320 0 ) (0 320 0 ) (0 512 0 ) (512 512 0 ) 
4 0 (0 320 512 ) (512 320 512 ) (512 512 512 ) (0 512 512 ) 
4 1 (128 192 16 ) (128 192 32 ) (128 320 32 ) (128 320 16 ) 
4 1 (128 192 16 ) (128 320 16 ) (144 320 16 ) (144 192 16 ) 
4 1 (512 192 512 ) (512 192 16 ) (512 320 16 ) (512 320 512 ) 
4 1 (128 192 512 ) (512 192 512 ) (512 320 512 ) (128 320 512 ) 
4 2 (512 192 0 ) (144 192 0 ) (144 320 0 ) (512 320 0 ) 
4 2 (512 192 16 ) (512 192 0 ) (512 320 0 ) (512 320 16 ) 
4 2 (144 320 0 ) (144 192 0 ) (144 192 16 ) (144 320 16 ) 
4 3 (0 320 96 ) (64 320 96 ) (64 192 96 ) (0 192 96 ) 
4 3 (0 192 512 ) (128 192 512 ) (128 320 512 ) (0 320 512 ) 
4 4 (80 192 64 ) (80 192 80 ) (80 320 80 ) (80 320 64 ) 
4 4 (80 192 64 ) (80 320 64 ) (96 320 64 ) (96 192 64 ) 
4 5 (112 320 32 ) (112 192 32 ) (112 192 48 ) (112 320 48 ) 
4 5 (112 320 32 ) (128 320 32 ) (128 192 32 ) (112 192 32 ) 
4 6 (96 192 48 ) (96 192 64 ) (96 320 64 ) (96 320 48 ) 
4 6 (96 192 48 ) (96 320 48 ) (112 320 48 ) (112 192 48 ) 
4 7 (64 192 80 ) (64 192 96 ) (64 320 96 ) (64 320 80 ) 
4 7 (64 192 80 ) (64 320 80 ) (80 320 80 ) (80 192 80 ) 
3 8 (128 127.997276 16 ) (128 143.997269 0 ) (144 143.997391 0 ) 
5 8 (512 0 512 ) (512 0 144 ) (512 144 0 ) (512 192 0 ) (512 192 512 ) 
4 8 (128 192 16 ) (144 192 16 ) (144 192 0 ) (128 192 0 ) 
4 8 (128 144 0 ) (128 192 0 ) (512 192 0 ) (512 144 0 ) 
4 8 (128 0 512 ) (512 0 512 ) (512 192 512 ) (128 192 512 ) 
4 9 (512 0 0 ) (144 0 0 ) (144 144 0 ) (512 144 0 ) 
3 9 (512 0 144 ) (512 0 0 ) (512 144 0 ) 
4 9 (128 128.005066 15.994929 ) (143.994934 144 0 ) (143.994934 0 0 ) (128 0 15.994935 ) 
4 10 (0 128 512 ) (128 128 512 ) (128 192 512 ) (0 192 512 ) 
4 10 (0 144 0 ) (0 192 0 ) (128 192 0 ) (128 144 0 ) 
4 10 (64 192 80 ) (80 192 80 ) (80 192 32 ) (64 192 32 ) 
4 10 (96 192 48 ) (112 192 48 ) (112 192 32 ) (96 192 32 ) 
4 10 (80 192 64 ) (96 192 64 ) (96 192 32 ) (80 192 32 ) 
4 10 (64 192 96 ) (64 192 32 ) (0 192 32 ) (0 192 96 ) 
4 10 (128 192 32 ) (128 192 0 ) (0 192 0 ) (0 192 32 ) 
4 10 (0 144 0 ) (128 144 0 ) (128 128 15.997694 ) (0 128 15.997691 ) 
4 11 (0 128 16 ) (128 128 16 ) (128 128 0 ) (0 128 0 ) 
4 11 (128 0 0 ) (0 0 0 ) (0 128 0 ) (128 128 0 ) 
4 11 (0 128 512 ) (0 0 512 ) (128 0 512 ) (128 128 512 ) 
4 11 (128 128 16 ) (128 0 16 ) (128 0 0 ) (128 128 0 ) 
3 12 (80 -192 64 ) (96 -192 48 ) (96 -192 64 ) 
3 12 (64 -192 80 ) (80 -192 64 ) (80 -192 80 ) 
3 12 (96 -192 48 ) (112 -192 32 ) (112 -192 48 ) 
3 12 (48 -192 96 ) (64 -192 80 ) (64 -192 96 ) 
3 12 (128 -192 16 ) (144 -192 0 ) (144 -192 16 ) 
3 12 (112 -192 32 ) (128 -192 16 ) (128 -192 32 ) 
3 12 (143.998688 -128 0 ) (143.998688 -144 0 ) (127.998734 -128 16 ) 
4 12 (143.998688 0 0 ) (143.998688 -128 0 ) (128 -128 15.998731 ) (128 0 15.998730 ) 
4 12 (0 -192 512 ) (512 -192 512 ) (512 0 512 ) (0 0 512 ) 
4 12 (512 -192 512 ) (512 -192 0 ) (512 0 0 ) (512 0 512 ) 
4 12 (144 0 0 ) (512 0 0 ) (512 -192 0 ) (144 -192 0 ) 
4 13 (0 -128 0 ) (128 -128 0 ) (128 -128 16 ) (0 -128 16 ) 
4 13 (0 0 0 ) (128 0 0 ) (128 -128 0 ) (0 -128 0 ) 
4 13 (128 0 16 ) (128 -128 16 ) (128 -128 0 ) (128 0 0 ) 
3 14 (80 -192 48 ) (96 -192 48 ) (80 -192 64 ) 
5 14 (0 -192 80 ) (0 -192 48 ) (80 -192 48 ) (80 -192 64 ) (64 -192 80 ) 
5 14 (0 -192 48 ) (0 -192 0 ) (112 -192 0 ) (112 -192 32 ) (96 -192 48 ) 
4 14 (0 -192 96 ) (0 -192 80 ) (64 -192 80 ) (48 -192 96 ) 
4 14 (112 -192 0 ) (144 -192 0 ) (128 -192 16 ) (112 -192 16 ) 
3 14 (128 -192 16 ) (112 -192 32 ) (112 -192 16 ) 
4 14 (144 -144 0 ) (144 -192 0 ) (0 -192 0 ) (0 -144 0 ) 
4 14 (0 -128 15.997692 ) (128 -128 15.997689 ) (143.997696 -143.997681 0 ) (0 -143.997681 0 ) 
4 15 (128 -192 16 ) (144 -192 16 ) (144 -320 16 ) (128 -320 16 ) 
4 15 (128 -192 16 ) (128 -320 16 ) (128 -320 32 ) (128 -192 32 ) 
4 15 (128 -320 512 ) (512 -320 512 ) (512 -192 512 ) (128 -192 512 ) 
4 15 (512 -320 512 ) (512 -320 16 ) (512 -192 16 ) (512 -192 512 ) 
4 16 (112 -320 32 ) (112 -320 48 ) (112 -192 48 ) (112 -192 32 ) 
4 16 (112 -320 512 ) (128 -320 512 ) (128 -192 512 ) (112 -192 512 ) 
4 16 (112 -320 32 ) (112 -192 32 ) (128 -192 32 ) (128 -320 32 ) 
4 17 (512 -320 0 ) (144 -320 0 ) (144 -192 0 ) (512 -192 0 ) 
4 17 (512 -320 16 ) (512 -320 0 ) (512 -192 0 ) (512 -192 16 ) 
4 17 (144 -192 0 ) (144 -320 0 ) (144 -320 16 ) (144 -192 16 ) 
4 18 (64 -192 80 ) (80 -192 80 ) (80 -320 80 ) (64 -320 80 ) 
4 18 (64 -192 80 ) (64 -320 80 ) (64 -320 96 ) (64 -192 96 ) 
4 18 (64 -320 512 ) (112 -320 512 ) (112 -192 512 ) (64 -192 512 ) 
4 19 (0 -320 512 ) (64 -320 512 ) (64 -192 512 ) (0 -192 512 ) 
4 19 (0 -192 96 ) (64 -192 96 ) (64 -320 96 ) (0 -320 96 ) 
4 20 (96 -192 48 ) (96 -320 48 ) (96 -320 64 ) (96 -192 64 ) 
4 20 (96 -192 48 ) (112 -192 48 ) (112 -320 48 ) (96 -320 48 ) 
4 21 (80 -320 64 ) (80 -320 80 ) (80 -192 80 ) (80 -192 64 ) 
4 21 (80 -320 64 ) (80 -192 64 ) (96 -192 64 ) (96 -320 64 ) 
4 22 (512 -320 512 ) (0 -320 512 ) (0 -512 512 ) (512 -512 512 ) 
4 22 (0 -512 0 ) (0 -320 0 ) (512 -320 0 ) (512 -512 0 ) 
4 22 (80 -320 64 ) (96 -320 64 ) (96 -320 48 ) (80 -320 48 ) 
4 22 (80 -320 80 ) (80 -320 48 ) (0 -320 48 ) (0 -320 80 ) 
4 22 (112 -320 48 ) (112 -320 0 ) (0 -320 0 ) (0 -320 48 ) 
4 22 (64 -320 96 ) (64 -320 80 ) (0 -320 80 ) (0 -320 96 ) 
4 22 (112 -320 16 ) (144 -320 16 ) (144 -320 0 ) (112 -320 0 ) 
4 22 (128 -320 32 ) (128 -320 16 ) (112 -320 16 ) (112 -320 32 ) 
4 22 (0 -512 512 ) (0 -512 0 ) (512 -512 0 ) (512 -512 512 ) 
4 22 (512 -320 512 ) (512 -512 512 ) (512 -512 0 ) (512 -320 0 ) 
4 23 (-80 320 48 ) (-80 320 64 ) (-96 320 64 ) (-96 320 48 ) 
4 23 (-112 320 32 ) (-80 320 32 ) (-80 320 48 ) (-112 320 48 ) 
4 23 (-80 320 32 ) (-64 320 32 ) (-64 320 80 ) (-80 320 80 ) 
4 23 (-128 320 32 ) (-128 320 16 ) (-64 320 16 ) (-64 320 32 ) 
4 23 (0 320 16 ) (0 320 96 ) (-64 320 96 ) (-64 320 16 ) 
4 23 (0 320 0 ) (0 320 16 ) (-144 320 16 ) (-144 320 0 ) 
4 23 (0 512 512 ) (-512 512 512 ) (-512 320 512 ) (0 320 512 ) 
4 23 (-512 512 512 ) (0 512 512 ) (0 512 0 ) (-512 512 0 ) 
4 23 (0 320 0 ) (-512 320 0 ) (-512 512 0 ) (0 512 0 ) 
4 23 (-512 512 0 ) (-512 320 0 ) (-512 320 512 ) (-512 512 512 ) 
4 24 (0 192 96 ) (-64 192 96 ) (-64 320 96 ) (0 320 96 ) 
4 24 (0 320 512 ) (-144 320 512 ) (-144 192 512 ) (0 192 512 ) 
4 25 (-80 320 80 ) (-64 320 80 ) (-64 192 80 ) (-80 192 80 ) 
4 25 (-64 320 80 ) (-64 320 96 ) (-64 192 96 ) (-64 192 80 ) 
4 26 (-96 320 64 ) (-80 320 64 ) (-80 192 64 ) (-96 192 64 ) 
4 26 (-80 320 64 ) (-80 320 80 ) (-80 192 80 ) (-80 192 64 ) 
4 27 (-112 192 48 ) (-112 320 48 ) (-96 320 48 ) (-96 192 48 ) 
4 27 (-96 320 64 ) (-96 192 64 ) (-96 192 48 ) (-96 320 48 ) 
4 28 (-112 320 48 ) (-112 192 48 ) (-112 192 32 ) (-112 320 32 ) 
4 28 (-128 192 32 ) (-128 320 32 ) (-112 320 32 ) (-112 192 32 ) 
4 29 (-128 320 32 ) (-128 192 32 ) (-128 192 16 ) (-128 320 16 ) 
4 29 (-128 192 16 ) (-144 192 16 ) (-144 320 16 ) (-128 320 16 ) 
4 30 (-144 320 16 ) (-144 192 16 ) (-144 192 0 ) (-144 320 0 ) 
4 30 (-512 320 0 ) (-512 192 0 ) (-512 192 512 ) (-512 320 512 ) 
4 30 (-144 192 0 ) (-512 192 0 ) (-512 320 0 ) (-144 320 0 ) 
4 30 (-144 320 512 ) (-512 320 512 ) (-512 192 512 ) (-144 192 512 ) 
3 31 (-128.002380 128 16 ) (-144.002396 128 0 ) (-144.002396 144 0 ) 
4 31 (0 128 512 ) (0 192 512 ) (-512 192 512 ) (-512 128 512 ) 
3 31 (-144 192 16 ) (-128 192 16 ) (-144 192 0 ) 
3 31 (-64 192 80 ) (-64 192 96 ) (-48 192 96 ) 
3 31 (-112 192 32 ) (-128 192 16 ) (-128 192 32 ) 
3 31 (-80 192 64 ) (-80 192 80 ) (-64 192 80 ) 
3 31 (-112 192 48 ) (-96 192 48 ) (-112 192 32 ) 
3 31 (-96 192 48 ) (-96 192 64 ) (-80 192 64 ) 
4 31 (-512 128 0 ) (-512 192 0 ) (-144 192 0 ) (-144 128 0 ) 
4 31 (-512 192 0 ) (-512 128 0 ) (-512 128 512 ) (-512 192 512 ) 
4 32 (-144 192 0 ) (0 192 0 ) (0 144 0 ) (-144 144 0 ) 
3 32 (-96 192 48 ) (-80 192 64 ) (-80 192 48 ) 
4 32 (-96 192 48 ) (-80 192 48 ) (-80 192 32 ) (-112 192 32 ) 
4 32 (-80 192 64 ) (-64 192 80 ) (-64 192 32 ) (-80 192 32 ) 
4 32 (-112 192 32 ) (-64 192 32 ) (-64 192 16 ) (-128 192 16 ) 
5 32 (-64 192 16 ) (-64 192 80 ) (-48 192 96 ) (0 192 96 ) (0 192 16 ) 
4 32 (-128 192 16 ) (0 192 16 ) (0 192 0 ) (-144 192 0 ) 
4 32 (-128.005066 128 15.994929 ) (-144 143.994934 0 ) (0 143.994934 0 ) (0 128 15.994935 ) 
4 33 (-128 128 16 ) (-128 128 0 ) (-128 0 0 ) (-128 0 16 ) 
4 33 (0 128 512 ) (-128 128 512 ) (-128 0 512 ) (0 0 512 ) 
4 33 (0 0 0 ) (-128 0 0 ) (-128 128 0 ) (0 128 0 ) 
4 33 (-128 128 16 ) (0 128 16 ) (0 128 0 ) (-128 128 0 ) 
4 34 (-512 128 0 ) (-512 0 0 ) (-512 0 512 ) (-512 128 512 ) 
4 34 (-144 0 0 ) (-512 0 0 ) (-512 128 0 ) (-144 128 0 ) 
4 34 (-128 128 512 ) (-512 128 512 ) (-512 0 512 ) (-128 0 512 ) 
4 34 (-143.997879 0 0 ) (-143.997879 128 0 ) (-128 128 15.997694 ) (-128 0 15.997691 ) 
3 35 (-144 -192 0 ) (-128 -192 16 ) (-144 -192 16 ) 
3 35 (-112 -192 32 ) (-96 -192 48 ) (-112 -192 48 ) 
3 35 (-128 -192 16 ) (-112 -192 32 ) (-128 -192 32 ) 
3 35 (-96 -192 48 ) (-80 -192 64 ) (-96 -192 64 ) 
3 35 (-80 -192 80 ) (-80 -192 64 ) (-64 -192 80 ) 
3 35 (-64 -192 96 ) (-64 -192 80 ) (-48 -192 96 ) 
3 35 (-144 -144 0 ) (-144 -128 0 ) (-128 -128 16 ) 
4 35 (-144 -128 0 ) (-144 0 0 ) (-128 0 16 ) (-128 -128 16 ) 
4 35 (-512 0 0 ) (-512 -192 0 ) (-512 -192 512 ) (-512 0 512 ) 
4 35 (0 0 512 ) (-512 0 512 ) (-512 -192 512 ) (0 -192 512 ) 
4 35 (-144 -192 0 ) (-512 -192 0 ) (-512 0 0 ) (-144 0 0 ) 
4 36 (-128 -128 16 ) (-128 -128 0 ) (0 -128 0 ) (0 -128 16 ) 
4 36 (-128 0 0 ) (0 0 0 ) (0 -128 0 ) (-128 -128 0 ) 
4 36 (-128 0 0 ) (-128 -128 0 ) (-128 -128 16 ) (-128 0 16 ) 
3 37 (-128 -192 16 ) (-144 -192 0 ) (-128 -192 0 ) 
3 37 (-96 -192 48 ) (-112 -192 32 ) (-96 -192 32 ) 
5 37 (-112 -192 32 ) (-128 -192 16 ) (-128 -192 0 ) (-96 -192 0 ) (-96 -192 32 ) 
5 37 (-80 -192 64 ) (-96 -192 48 ) (-96 -192 0 ) (-64 -192 0 ) (-64 -192 64 ) 
3 37 (-64 -192 80 ) (-80 -192 64 ) (-64 -192 64 ) 
5 37 (0 -192 0 ) (0 -192 96 ) (-48 -192 96 ) (-64 -192 80 ) (-64 -192 0 ) 
4 37 (0 -192 0 ) (-144 -192 0 ) (-144 -144 0 ) (0 -144 0 ) 
4 37 (0 -143.997772 0 ) (-143.997879 -143.997772 0 ) (-128 -128 15.997694 ) (0 -128 15.997691 ) 
4 38 (0 -192 512 ) (-64 -192 512 ) (-64 -320 512 ) (0 -320 512 ) 
4 38 (0 -320 96 ) (-64 -320 96 ) (-64 -192 96 ) (0 -192 96 ) 
4 39 (-64 -192 512 ) (-80 -192 512 ) (-80 -320 512 ) (-64 -320 512 ) 
4 39 (-64 -192 80 ) (-64 -192 96 ) (-64 -320 96 ) (-64 -320 80 ) 
4 39 (-80 -320 80 ) (-80 -192 80 ) (-64 -192 80 ) (-64 -320 80 ) 
4 40 (-96 -192 64 ) (-80 -192 64 ) (-80 -320 64 ) (-96 -320 64 ) 
4 40 (-80 -192 80 ) (-80 -320 80 ) (-80 -320 64 ) (-80 -192 64 ) 
4 40 (-512 -320 64 ) (-512 -320 512 ) (-512 -192 512 ) (-512 -192 64 ) 
4 40 (-80 -192 512 ) (-512 -192 512 ) (-512 -320 512 ) (-80 -320 512 ) 
4 41 (-112 -192 48 ) (-96 -192 48 ) (-96 -320 48 ) (-112 -320 48 ) 
4 41 (-96 -192 48 ) (-96 -192 64 ) (-96 -320 64 ) (-96 -320 48 ) 
4 42 (-128 -320 32 ) (-128 -192 32 ) (-112 -192 32 ) (-112 -320 32 ) 
4 42 (-112 -192 48 ) (-112 -320 48 ) (-112 -320 32 ) (-112 -192 32 ) 
4 43 (-144 -192 16 ) (-128 -192 16 ) (-128 -320 16 ) (-144 -320 16 ) 
4 43 (-512 -320 16 ) (-512 -320 64 ) (-512 -192 64 ) (-512 -192 16 ) 
4 43 (-128 -192 16 ) (-128 -192 32 ) (-128 -320 32 ) (-128 -320 16 ) 
4 44 (-512 -192 0 ) (-512 -320 0 ) (-512 -320 16 ) (-512 -192 16 ) 
4 44 (-144 -320 0 ) (-512 -320 0 ) (-512 -192 0 ) (-144 -192 0 ) 
4 44 (-144 -192 16 ) (-144 -320 16 ) (-144 -320 0 ) (-144 -192 0 ) 
4 45 (-512 -320 512 ) (-512 -320 0 ) (-512 -512 0 ) (-512 -512 512 ) 
4 45 (-512 -320 0 ) (0 -320 0 ) (0 -512 0 ) (-512 -512 0 ) 
4 45 (-144 -320 16 ) (-128 -320 16 ) (-128 -320 0 ) (-144 -320 0 ) 
4 45 (-112 -320 32 ) (-112 -320 48 ) (-96 -320 48 ) (-96 -320 32 ) 
4 45 (-128 -320 32 ) (-96 -320 32 ) (-96 -320 0 ) (-128 -320 0 ) 
4 45 (-96 -320 64 ) (-64 -320 64 ) (-64 -320 0 ) (-96 -320 0 ) 
4 45 (-80 -320 64 ) (-80 -320 80 ) (-64 -320 80 ) (-64 -320 64 ) 
4 45 (-64 -320 96 ) (0 -320 96 ) (0 -320 0 ) (-64 -320 0 ) 
4 45 (-512 -512 0 ) (0 -512 0 ) (0 -512 512 ) (-512 -512 512 ) 
4 45 (0 -320 512 ) (-512 -320 512 ) (-512 -512 512 ) (0 -512 512 ) 
